

*******************************************************************************
Wed May 01 22:23:54 2019


FIT:    data read from 'mag_var_zipped'
        format = z
        #datapoints = 20
        residuals are weighted equally (unit weight)

function used for fitting: f(x)
	f(x) = a*x + b
fitted parameters initialized with current variable values

iter      chisq       delta/lim  lambda   a             b            
   0 1.2778386401e+08  0.00e+00 4.20e+00  1.000000e+00  1.000000e+00
   4 6.2303027632e+05 -3.66e-04 4.20e-04 -1.198120e+00  2.533498e+03

After 4 iterations the fit converged.
final sum of squares of residuals : 623030
rel. change during last iteration : -3.66368e-009

degrees of freedom    (FIT_NDF)                        : 18
rms of residuals      (FIT_STDFIT) = sqrt(WSSR/ndf)    : 186.045
variance of residuals (reduced chisquare) = WSSR/ndf   : 34612.8

Final set of parameters            Asymptotic Standard Error
=======================            ==========================
a               = -1.19812         +/- 13.71        (1144%)
b               = 2533.5           +/- 80.18        (3.165%)

correlation matrix of the fit parameters:
                a      b      
a               1.000 
b              -0.855  1.000 
